[   0.000] Iitliing grp ubsy cset[   0.000000] Initializing cgroup sbs cu
[    0.000000] Initializing cgroup subsys cpuacct
[    0.000000] Linux version 4.4.0-101-generic (buildd@lcy01-amd64-006) (gcc version 5.4.0 20160609 (Ubuntu 5.4.0-6ubuntu1~16.04.5) ) #124-Ubuntu SMP Fri Nov 10 18:29:59 UTC 2017 (Ubuntu 4.4.0-101.124-generic 4.4.95)
[    0.000000] Command line: BOOT_IMAGE=/boot/vmlinuz-4.4.0-101-generic root=UUID=0a39d82d-3b5b-4d6e-820a-c9d43ab677e6 ro console=tty1 console=ttyS0
[    0.000000] KERNEL supported cpus:
[    0.000000]   Intel GenuineIntel
[    0.000000]   AMD AuthenticAMD
[    0.000000]   Centaur CentaurHauls
[    0.000000] x86/fpu: xstate_offset[2]:  576, xstate_sizes[2]:  256
[    0.000000] x86/fpu: Supporting XSAVE featur0x1: '87lotig in rgier'
[   00000]86/fu:uporing XSAVE fetu 0x0: SE reisrs
[   00000]x8fp: Supotig XSVEeaure x0 'AVXegters
   0.000000] x86/fpu: Enabled xstate features 0x7, context size is 832 bytes, using 'standard' format.
[    0.000000] x86/fpu: Using 'lazy' FPU context switches.
[    0.000000] e820: BIOS-provided physical RAM ap
[    00000] IOS-82 [em 0x0000000000-00000000fbf]sale
    0.000000] BIOS-e82: mem x000000009000x000000000009ffff reserved
[    0.000000] BIOS-e820: [mem 0x00000000000f0000-0x00000000000fffff] reserved
[    .0000] IOe820:me0x00000011000-x000003ffefff] usle
[  000000]BI-e82: em0x00003fff000x000003ffffff]AC dta
  0.0000] OSe820 [m 0x000000c000-0000000fe0ff] rerd
[   0.0000 BS-820:[m 0000000f0000-0000000ee00ff] eserd[  000000] IOe80: [mm x000000fc0000-x00000fffff]rerv
[   000000 N (xecue sale) rocton: cte
[    00000 SMBOS.5 pest.
[    0.000000] Hypervisr deected: KM[   0.0000] 82 lst_pn 0x3fffmaarchpf= 0x00000
[   00000]MTRR Dsabld    .000] x86/PAT: MTRRs disabled, skipping PAT initialization too.
[    0.000000] CPU MTRRs all blank - virtualized system.
[    0.000000] x86/PAT: Configuration [0-7]: WB  WT  UC- UC  WB  WT  UC- UC  
[    0.000000] found SMP MP-table at [mem 0x0009fff0-0x0009ffff] mapped at [ffff88000009fff0]
[    0.000000] Scanning 1 areas for low memory corruption
[    0.000000] RAMDISK: [mem 0x3622000x370eff
[   00000] ACPI: Early table checksum verification disabled
[    0.000000] ACPI: RSDP 0x000000000E00 000 (v0 VX )
[  000000]CP: XSD 0000000003FF00 0003C(v VOX  VBXSDT00001 AS  00061)
[  .000000] ACPI: FACP 0x000000003FFF00F0 0000F (4 BOX  OXFAP 00001 AS  00061)
  0.0000] CP: DSDT 0x000000003FFF47 021F v0VBX   OXIOS 00000 INT200528
[   .00000] AI:FACS0x000003FF000004
   00000 ACPI:FA 0x00000003FFF000 000040
[    0.000000] ACPI: APIC 0x000000003FFF0240 0005C(v VOX  VBAPC 00000001 ASL  00000061)
[   00000]AC: SDT x000003FF00 0001CC (v01 VBOX   VBOXCPUT 00000002 INTL 20100528)
[    0.000000] No NUMA configuration found
[    0.000000] Faking a node at [mem 0x000000000000x0000003efff]
[  000000]ODE_DATA() allocated [mem 0x3ffeb000-0x3ffefff
[   00000] m-lock Ung ms 564d1 d b56400[   0.0000kvcloc: u , sr:3fe301,riarycpclck
[    0.000000] km-clock: using sched offset of368355688 cycles
[    0.000000] clockouce kvm-coc: ask:0xffffffffffmax_cycles: 0x1cd42e4dffb, max_idle_ns: 881590591483 ns
[    0.000000] Zone ranges:
[    0.000000]   DMA      [mem 0x0000000000001000-0x0000000000ffffff]
[    0.000000]   DMA32    [mem 0x0000000001000000-0x00000000ffffff
  0.000000]   Normal   mp
    00000  Dece  emty[   0.000] Moab zone ta forea nde
[  000000]arlymerynoderage
[   00000]  ode  0: [me 000000000001000-0x000000000009efff]
[    0.000000] nde  0: [me 0x000000100000x000003efff]    .000] Intm stup od0 [mem x0000000100-0x000003feff]
[    0000] AI:M-TierO Pot:x408
[  0.00000]OAIC[0: aic_id 2 vsin 32 ares 0xec00,, GI 23
  0.0000] PI IINT_SRC_OVR (bus 0 bus_irq 0 global_irq 2 dfl dfl)
[    0.000000] ACPI: INT_SRC_OVR (bus 0 bus_irq 9 global_irq 9 low level)
[    0.000000] Using ACPI (MADT) for SMP configuration information
[    0.000000] smpboot: Allowing 2 CPUs, 0 hotplug CPUs
[    0.000000] PM: Registered nosave memory: [mem 0x00000000-0x00000fff]
[    0.000000] PM: Registered nosave memory: [mem 0x00f00-0x09fff]
[  .00000PM Regsted nsa mmory [m 0x00000-000eff]
  0.0000] : Restred ose emory [m x000f00x000ff
[   0.000] e820: [mem 0x4000000xebffffavilabe r CI dvies
[   00000]Boin parviuaizedkeeloon VM
[   00000] losource rinedjifis: mask: 0xffffffff max_cycles: 0xffffffff, max_idle_ns: 76451900211568 n
   0.000] etuppecp: NR_CPUS:512 nr_cpumask_bits:512 nr_cpu_ids:2 nr_node_ids:1
[    0.000000]ERU: Ebeed34 pges/cpu @ffff88003fc00000 s98328 r8192 d3274 u04856[   .000] PVqsnlok hah bl entri: 56 (rd: , 406 te)
[   0000] il 1 znest  in Node order, mobility gouinoon. Totl ages: 279
[   0.0000] Poiczoe: DA3
[    0.000000] Kernel command line: BOOT_IMAGE=/boot/vmlinuz-4.4.0-101-generic root=UUID=0a39d82d-3b5b-4d6e-820a-c9d43ab677e6 ro console=tty1 console=ttyS0
[    0.000000] PID hashtabl eris: 46 rder 332768 yt)
[   0000] moy: 973K/048120 ailble 84K kenecoe, 194rwdaa,98K rodaa,49K init,136K bs, 50792K reserved, 0K cma-esve)
[  0.000000] SLUB: HWalign=64, Order=0-3, MinObjects=0, CPUs=2, Nodes=1
[    0.000000] Hierarchical RCU implementaton.
[   000000] 	ui-tme adjustment of leaf fanout to 64.
[    0.000] 	RC rtrictngPU fro NCPS=12o r_puds2.
  0.0000] U:Adusnggeomety r cu_fouleaf64nr_cpu_is=
[   .00000] _IS:3324r_rqs:44016
[   000000] Cnsol: lor VGA 825
[   00000] onle[tty] abed
[    0.000000] console [tyS eable
  0.000000] tsc: Detected 2592.002 MHz processor
[   15.985243] Calibrating delay loop (skipped) preset value.. 5184.00 BogoMIPS (lpj=10368008)
[   16.170299] pid_max: default: 32768 minimum: 301
[   16.285674] ACPI: Core revision 20150930
[   16.334319] ACPI: 2 ACPI AML tables successfully acquired and loaded
[   16.464733] Security Framework initialized
[   16.545477] Yama: becoming mindful.
[   16.573187] AppArmor: AppArmor initialized
[   16.574257] Dentry cache hash table entries: 131072 (order: 8, 1048576 bytes)
[   16.576002] Inode-cache hash table entries: 65536 (order: 7, 524288 bytes)
[   16.596549] Mount-cache hash table entries: 2048 (order: 2, 16384 bytes)
[   16.605605] Mountpoint-cache hash table entries: 2048 (order: 2, 16384 bytes)
[   16.721735] Initializing cgroup subsys io
[   16.759557] Initializing cgroup subsys memory
[   16.833201] Initializing cgroup subsys devices
[   16.904630] Initializing cgroup subsys freezer
[   16.997617] Initializing cgroup subsys net_cls
[   17.063344] Initializing cgroup subsys perf_event
[   17.073249] Initializing cgroup subsys net_prio
[   17.074093] Initializing cgroup subsys hugetlb
[   17.093766] Initializing cgroup subsys pids
[   17.095034] CPU: Physical Processor ID: 0
[   17.160991] CPU: Processor Core ID: 0
[   17.225908] mce: CPU supports 0 MCE banks
[   17.226764] Last level iTLB entries: 4KB 64, 2MB 8, 4MB 8
[   17.227726] Last level dTLB entries: 4KB 64, 2MB 0, 4MB 0, 1GB 4
[   17.230845] Freeing SMP alternatives memory: 32K
[   17.241776] ftrace: allocating 32156 entries in 126 pages
[   17.324675] smpboot: APIC(0) Converting physical 0 to logical package 0
[   17.353428] smpboot: Max logical packages: 1
[   17.354639] x2apic enabled
[   17.355532] Switched APIC routing to physical x2apic.
[   17.442252] ..TIMER: vector=0x30 apic1=0 pin1=2 apic2=-1 pin2=-1
[   17.668691] smpboot: CPU0: Intel(R) Core(TM) i7-6500U CPU @ 2.50GHz (family: 0x6, model: 0x4e, stepping: 0x3)
[   17.724250] Performance Events: unsupported p6 CPU model 78 no PMU driver, software events only.
[   17.725988] KVM setup paravirtual spinlock
[   17.727564] x86: Booting SMP configuration:
[   17.728488] .... node  #0, CPUs:      #1
[   17.729483] kvm-clock: cpu 1, msr 0:3ffe3041, secondary cpu clock
[   17.731431] mce: CPU supports 0 MCE banks
[   17.733974] x86: Booted up 1 node, 2 CPUs
[   17.740592] smpboot: Total of 2 processors activated (10368.00 BogoMIPS)
[   17.742268] devtmpfs: initialized
[   17.744746] evm: security.selinux
[   17.774384] evm: security.SMACK64
[   17.783476] evm: security.SMACK64EXEC
[   17.791352] evm: security.SMACK64TRANSMUTE
[   17.850884] evm: security.SMACK64MMAP
[   17.873528] evm: security.ima
[   17.915582] evm: security.capability
[   17.955029] clocksource: jiffies: mask: 0xffffffff max_cycles: 0xffffffff, max_idle_ns: 7645041785100000 ns
[   18.095177] futex hash table entries: 512 (order: 3, 32768 bytes)
[   18.164703] pinctrl core: initialized pinctrl subsystem
[   18.213847] RTC time:  3:54:30, date: 11/28/17
[   18.264577] NET: Registered protocol family 16
[   18.334872] cpuidle: using governor ladder
[   18.399346] cpuidle: using governor menu
[   18.439680] PCCT header not found.
[   18.464997] ACPI: bus type PCI registered
[   18.508888] acpiphp: ACPI Hot Plug PCI Controller Driver version: 0.5
[   18.554786] PCI: Using configuration type 1 for base access
[   18.627787] ACPI: Added _OSI(Module Device)
[   18.670415] ACPI: Added _OSI(Processor Device)
[   18.673739] ACPI: Added _OSI(3.0 _SCP Extensions)
[   18.678755] ACPI: Added _OSI(Processor Aggregator Device)
[   18.680655] ACPI: Executed 1 blocks of module-level executable AML code
[   18.703319] ACPI: Interpreter enabled
[   18.715787] ACPI: (supports S0 S5)
[   18.780973] ACPI: Using IOAPIC for interrupt routing
[   18.806267] PCI: Using host bridge windows from ACPI; if necessary, use "pci=nocrs" and report a bug
[   18.811344] ACPI: PCI Root Bridge [PCI0] (domain 0000 [bus 00-ff])
[   18.814409] acpi PNP0A03:00: _OSC: OS supports [ASPM ClockPM Segments MSI]
[   18.901512] acpi PNP0A03:00: _OSC: not requesting OS control; OS requires [ExtendedConfig ASPM ClockPM MSI]
[   18.980330] acpi PNP0A03:00: fail to add MMCONFIG information, can't access extended PCI configuration space under this bridge.
[   19.074355] PCI host bridge to bus 0000:00
[   19.075145] pci_bus 0000:00: root bus resource [io  0x0000-0x0cf7 window]
[   19.076380] pci_bus 0000:00: root bus resource [io  0x0d00-0xffff window]
[   19.077718] pci_bus 0000:00: root bus resource [mem 0x000a0000-0x000bffff window]
[   19.079191] pci_bus 0000:00: root bus resource [mem 0x40000000-0xfdffffff window]
[   19.095283] pci_bus 0000:00: root bus resource [bus 00-ff]
[   19.148139] pci 0000:00:01.1: legacy IDE quirk: reg 0x10: [io  0x01f0-0x01f7]
[   19.232684] pci 0000:00:01.1: legacy IDE quirk: reg 0x14: [io  0x03f6]
[   19.297402] pci 0000:00:01.1: legacy IDE quirk: reg 0x18: [io  0x0170-0x0177]
[   19.341147] pci 0000:00:01.1: legacy IDE quirk: reg 0x1c: [io  0x0376]
[   19.358806] pci 0000:00:07.0: quirk: [io  0x4000-0x403f] claimed by PIIX4 ACPI
[   19.371883] pci 0000:00:07.0: quirk: [io  0x4100-0x410f] claimed by PIIX4 SMB
[   19.378974] ACPI: PCI Interrupt Link [LNKA] (IRQs 5 9 10 *11)
[   19.456087] ACPI: PCI Interrupt Link [LNKB] (IRQs 5 9 *10 11)
[   19.512091] ACPI: PCI Interrupt Link [LNKC] (IRQs 5 *9 10 11)
[   19.560501] ACPI: PCI Interrupt Link [LNKD] (IRQs 5 9 10 *11)
[   19.623567] ACPI: Enabled 2 GPEs in block 00 to 07
[   19.703396] vgaarb: setting as boot device: PCI:0000:00:02.0
[   19.730998] vgaarb: device added: PCI:0000:00:02.0,decodes=io+mem,owns=io+mem,locks=none
[   19.733872] vgaarb: loaded
[   19.744218] vgaarb: bridge control possible 0000:00:02.0
[   19.766505] SCSI subsystem initialized
[   19.789662] ACPI: bus type USB registered
[   19.815195] usbcore: registered new interface driver usbfs
[   19.831014] usbcore: registered new interface driver hub
[   19.896214] usbcore: registered new device driver usb
[   19.925164] PCI: Using ACPI for IRQ routing
[   19.926252] NetLabel: Initializing
[   19.926969] NetLabel:  domain hash size = 128
[   19.934818] NetLabel:  protocols = UNLABELED CIPSOv4
[   19.976999] NetLabel:  unlabeled traffic allowed by default
[   20.055133] amd_nb: Cannot enumerate AMD northbridges
[   20.119811] clocksource: Switched to clocksource kvm-clock
[   0.495] Aprm: pAorilysm abd
[   2.753] p:nPCPini
  1.61] pn: PnPCP fnd dic
[   21.638929] clocksource: acpi_pm: mask: 0xffffff max_cycles: 0xffffff, max_idle_ns: 2085701024 ns
[   21.722110] NET: Registered protocol family 2
[   21.774764] TCP established hash table entries: 8192 (order: 4, 65536 bytes)
[   21.827124] TCP bind hash table entries: 8192 (order: 5, 131072 bytes)
[   21.844338] TCP: Hash tables configured (established 8192 bind 8192)
[   21.849127] UDP hash table entries: 512 (order: 2, 16384 bytes)
[   21.850504] UDP-Lite hash table entries: 512 (order: 2, 16384 bytes)
[   21.856480] NET: Registered protocol family 1
[   21.861806] pci 0000:00:00.0: Limiting direct PCI/PCI transfers
[   21.880163] pci 0000:00:01.0: Activating ISA DMA hang workarounds
[   21.887638] Unpacking initramfs...
[ 2227889]Frininrdemy:52K   2.779 platfom tcmo risreplfo RC device (no PNP device found)
[ 23458]cainfor owemry coruti ery0 seconds
[  29717ts Rin TC cloksrccaibti: 2592.568MH

[   24.63] ocsocetsc: mask: 0xffffffffffffffff max_cycles: 0x255ecf57337, max_idle_ns: 440795206263 ns

[   24.69673] di itiizg etli ssy(dabd)
[   24.696743] audit: type=2000 audit(1511841263.308:1): initialized
[   24.697042] Initialise system trusted keyring
[   24.697171] HugeTLB registered 2 MB page size, pre-allocated 0 pages
[   24.698751] zbud: loaded
[   24.698954] VFS: Disk quotas dquot_6.6.0
[   24.699001] VFS: Dquot-cache hash table entries: 512 (order 0, 4096 bytes)
[   24.699268] squashfs: version 4.0 (2009/01/31) Phillip Lougher
[   24.699483] fuse init (API version 7.23)
[   24.699602] Key type big_key registered
[   24.699619] Allocating IMA MOK and blacklist keyrings.
[   24.699816] Key type asymmetric registered
[   24.699822] Asymmetric key parser 'x509' registered
[   24.699905] Block layer SCSI generic (bsg) driver version 0.4 loaded (major 249)
[   24.699929] io scheduler noop registered
[   24.699931] io scheduler deadline registered (default)
[   24.699961] io scheduler cfq registered
[   24.700044] pci_hotplug: PCI Hot Plug PCI Core version: 0.5
[   24.700048] pciehp: PCI Express Hot Plug Controller Driver version: 0.4
[   24.700173] ACPI: AC Adapter [AC] (on-line)
[   24.700224] input: Power Button as /devices/LNXSYSTM:00/LNXPWRBN:00/input/input0
[   24.700227] ACPI: Power Button [PWRF]
[   24.700292] input: Sleep Button as /devices/LNXSYSTM:00/LNXSLPBN:00/input/input1
[   24.700294] ACPI: Sleep Button [SLPF]
[   24.700426] GHES: HEST is not enabled!
[   24.700508] Serial: 8250/16550 driver, 32 ports, IRQ sharing enabled
[   25.019654] 00:02: ttyS0 at I/O 0x3f8 (irq = 4, base_baud = 115200) is a 16550A
[   25.639760] Linux agpgart interface v0.103
[   25.646200] ACPI: Battery Slot [BAT0] (battery present)
[   25.651017] loop: module loaded
[   25.651461] scsi host0: ata_piix
[   25.651597] scsi host1: ata_piix
[   25.651623] ata1: PATA max UDMA/33 cmd 0x1f0 ctl 0x3f6 bmdma 0xd000 irq 14
[   25.651624] ata2: PATA max UDMA/33 cmd 0x170 ctl 0x376 bmdma 0xd008 irq 15
[   25.651687] libphy: Fixed MDIO Bus: probed
[   25.651690] tun: Universal TUN/TAP device driver, 1.6
[   25.651690] tun: (C) 1999-2004 Max Krasnyansky <maxk@qualcomm.com>
[   25.651987] PPP generic driver version 2.4.2
[   25.652036] ehci_hcd: USB 2.0 'Enhanced' Host Controller (EHCI) Driver
[   25.652040] ehci-pci: EHCI PCI platform driver
[   25.652047] ehci-platform: EHCI generic platform driver
[   25.652054] ohci_hcd: USB 1.1 'Open' Host Controller (OHCI) Driver
[   25.652057] ohci-pci: OHCI PCI platform driver
[   25.652064] ohci-platform: OHCI generic platform driver
[   25.652071] uhci_hcd: USB Universal Host Controller Interface driver
[   25.652201] i8042: PNP: PS/2 Controller [PNP0303:PS2K,PNP0f03:PS2M] at 0x60,0x64 irq 1,12
[   25.661653] serio: i8042 KBD port at 0x60,0x64 irq 1
[   25.661659] serio: i8042 AUX port at 0x60,0x64 irq 12
[   25.661801] mousedev: PS/2 mouse device common for all mice
[   25.662091] rtc_cmos rtc_cmos: rtc core: registered rtc_cmos as rtc0
[   25.662144] rtc_cmos rtc_cmos: alarms up to one day, 114 bytes nvram
[   25.662150] i2c /dev entries driver
[   25.662193] device-mapper: uevent: version 1.0.3
[   25.662238] device-mapper: ioctl: 4.34.0-ioctl (2015-10-28) initialised: dm-devel@redhat.com
[   25.662252] ledtrig-cpu: registered to indicate activity on CPUs
[   25.662479] NET: Registered protocol family 10
[   25.662602] NET: Registered protocol family 17
[   25.662610] Key type dns_resolver registered
[   25.666475] microcode: CPU0 sig=0x406e3, pf=0x2, revision=0x0
[   25.666485] microcode: CPU1 sig=0x406e3, pf=0x2, revision=0x0
[   25.666557] microcode: Microcode Update Driver: v2.01 <tigran@aivazian.fsnet.co.uk>, Peter Oruba
[   25.666711] registered taskstats version 1
[   25.666730] Loading compiled-in X.509 certificates
[   25.667382] Loaded X.509 cert 'Build time autogenerated kernel key: f91c6829a34a801956ec6287af569c0a1f1f8d39'
[   25.667396] zswap: loaded using pool lzo/zbud
[   25.668744] Key type trusted registered
[   25.670695] Key type encrypted registered
[   25.670699] AppArmor: AppArmor sha1 policy hashing enabled
[   25.670702] ima: No TPM chip found, activating TPM-bypass!
[   25.670717] evm: HMAC attrs: 0x1
[   25.670935]   Magic number: 9:342:918
[   25.686241] rtc_cmos rtc_cmos: setting system clock to 2017-11-28 03:54:38 UTC (1511841278)
[   25.686384] BIOS EDD facility v0.16 2004-Jun-25, 0 devices found
[   25.686385] EDD information not available.
[   25.752101] input: AT Translated Set 2 keyboard as /devices/platform/i8042/serio0/input/input2
[   28.017257] Freeing unused kernel memory: 1492K
[   28.039813] Write protecting the kernel read-only data: 14336k
[   28.067266] Freeing unused kernel memory: 1744K
[   28.081047] Freeing unused kernel memory: 108K
Loading, please wait...
[   28.106673] random: systemd-udevd: uninitialized urandom read (16 bytes read, 5 bits of entropy available)
starting version[   28.107304] random: udevadm: uninitialized urandom read (16 bytes read, 5 bits of entropy available)
 229
[   28.107322] random: udevadm: uninitialized urandom read (16 bytes read, 5 bits of entropy available)
[   28.113135] random: udevadm: uninitialized urandom read (16 bytes read, 5 bits of entropy available)
[   28.113165] random: udevadm: uninitialized urandom read (16 bytes read, 5 bits of entropy available)
[   28.113254] random: udevadm: uninitialized urandom read (16 bytes read, 5 bits of entropy available)
[   28.113288] random: udevadm: uninitialized urandom read (16 bytes read, 5 bits of entropy available)
[   28.113320] random: udevadm: uninitialized urandom read (16 bytes read, 5 bits of entropy available)
[   28.113353] random: udevadm: uninitialized urandom read (16 bytes read, 5 bits of entropy available)
[   28.113383] random: udevadm: uninitialized urandom read (16 bytes read, 5 bits of entropy available)
[   28.362909] e1000: Intel(R) PRO/1000 Network Driver - version 7.3.21-k8-NAPI
[   28.385010] e1000: Copyright (c) 1999-2006 Intel Corporation.
[   28.404802] Fusion MPT base driver 3.04.20
[   28.434935] Copyright (c) 1999-2008 LSI Corporation
[   28.454546] AVX2 version of gcm_enc/dec engaged.
[   28.468821] AES CTR mode by8 optimization enabled
[   28.471463] Fusion MPT SPI Host driver 3.04.20
[   28.664275] input: ImExPS/2 Generic Explorer Mouse as /devices/platform/i8042/serio1/input/input4
[   28.834073] e1000 0000:00:03.0 eth0: (PCI:33MHz:32-bit) 02:7e:71:36:a3:a3
[   29.069071] e1000 0000:00:03.0 eth0: Intel(R) PRO/1000 Network Connection
[   29.076785] mptbase: ioc0: Initiating bringup
[   29.122352] e1000 0000:00:03.0 enp0s3: renamed from eth0
[   29.200689] ioc0: LSI53C1030 A0: Capabilities={Initiator}
[   29.401973] scsi host2: ioc0: LSI53C1030 A0, FwRev=00000000h, Ports=1, MaxQ=256, IRQ=20
[   29.556695] scsi 2:0:0:0: Direct-Access     VBOX     HARDDISK         1.0  PQ: 0 ANSI: 5
[   29.630135] scsi target2:0:0: Beginning Domain Validation
[   29.637411] scsi target2:0:0: Domain Validation skipping write tests
[   29.644746] scsi target2:0:0: Ending Domain Validation
[   29.681317] scsi target2:0:0: asynchronous
[   29.712882] scsi 2:0:1:0: Direct-Access     VBOX     HARDDISK         1.0  PQ: 0 ANSI: 5
[   29.789263] scsi target2:0:1: Beginning Domain Validation
[   29.849685] scsi target2:0:1: Domain Validation skipping write tests
[   29.884576] scsi target2:0:1: Ending Domain Validation
[   29.887423] scsi target2:0:1: asynchronous
[   29.929938] sd 2:0:0:0: Attached scsi generic sg0 type 0
[   29.986048] sd 2:0:0:0: [sda] 20971520 512-byte logical blocks: (10.7 GB/10.0 GiB)
[   30.009729] sd 2:0:1:0: Attached scsi generic sg1 type 0
[   30.013578] sd 2:0:1:0: [sdb] 20480 512-byte logical blocks: (10.5 MB/10.0 MiB)
[   30.062088] sd 2:0:0:0: [sda] Write Protect is off
[   30.064178] sd 2:0:1:0: [sdb] Write Protect is off
[   30.121364] sd 2:0:1:0: [sdb] Incomplete mode parameter data
[   30.121443] sd 2:0:0:0: [sda] Incomplete mode parameter data
[   30.121444] sd 2:0:0:0: [sda] Assuming drive cache: write through
[   30.237361] sd 2:0:1:0: [sdb] Assuming drive cache: write through
[   30.243917]  sda: sda1
[   30.244835] sd 2:0:0:0: [sda] Attached SCSI disk
[   30.316239] sd 2:0:1:0: [sdb] Attached SCSI disk
[   31.476266] floppy0: no floppy controllers found
Begin: Loading e[   32.827018] md: linear personality registered for level -1
ssential drivers[   32.927589] md: multipath personality registered for level -4
 ... [   33.024457] md: raid0 personality registered for level 0
[   33.079798] md: raid1 personality registered for level 1
[   33.227834] raid6: sse2x1   gen()  9133 MB/s
[   33.343819] raid6: sse2x1   xor()  6847 MB/s
[   33.470155] raid6: sse2x2   gen() 11390 MB/s
[   33.540387] raid6: sse2x2   xor()  6015 MB/s
[   33.631843] raid6: sse2x4   gen() 13012 MB/s
[   33.724271] raid6: sse2x4   xor()  8480 MB/s
[   33.816644] raid6: avx2x1   gen() 15258 MB/s
[   33.920337] raid6: avx2x2   gen() 19977 MB/s
[   34.011963] raid6: avx2x4   gen() 18877 MB/s
[   34.021602] raid6: using algorithm avx2x2 gen() 19977 MB/s
[   34.033271] raid6: using avx2x2 recovery algorithm
[   34.048430] xor: automatically using best checksumming function:
[   34.099918]    avx       : 13380.000 MB/sec
[   34.106662] async_tx: api initialized (async)
[   34.144297] md: raid6 personality registered for level 6
[   34.159068] md: raid5 personality registered for level 5
[   34.160249] md: raid4 personality registered for level 4
[   34.173267] md: raid10 personality registered for level 10
done.
Begin: Running /scripts/init-premount ... done.
Begin: Mounting root file system ... Begin: Running /scripts/local-top ... done.
Begin: Running /scripts/local-premount ... [   34.243388] Btrfs loaded
Scanning for Btrfs filesystems
done.
Warning: fsck no[   34.289761] EXT4-fs (sda1): mounted filesystem with ordered data mode. Opts: (null)
t present, so skipping root file system
done.
Begin: Running /scripts/local-bottom ... done.
Begin: Running /scripts/init-bottom ... done.
[   34.404269] systemd[1]: systemd 229 running in system mode. (+PAM +AUDIT +SELINUX +IMA +APPARMOR +SMACK +SYSVINIT +UTMP +LIBCRYPTSETUP +GCRYPT +GNUTLS +ACL +XZ -LZ4 +SECCOMP +BLKID +ELFUTILS +KMOD -IDN)
[   34.453534] systemd[1]: Detected virtualization oracle.
[   34.466988] systemd[1]: Detected architecture x86-64.

Welcome to [1mUbuntu 16.04.3 LTS[0m!

[   34.517135] systemd[1]: Set hostname to <ubuntu-xenial>.
[   34.704328] systemd[1]: Configuration file /etc/systemd/system/pox.service is marked executable. Please remove executable permission bits. Proceeding anyway.
[   34.749743] systemd[1]: Listening on LVM2 poll daemon socket.
[[0;32m  OK  [0m] Listening on LVM2 poll daemon socket.
[   34.832529] systemd[1]: Listening on udev Control Socket.
[[0;32m  OK  [0m] Listening on udev Control Socket.
[   34.968383] systemd[1]: Listening on Journal Socket (/dev/log).
[[0;32m  OK  [0m] Listening on Journal Socket (/dev/log).
[   35.104709] systemd[1]: Reached target User and Group Name Lookups.
[[0;32m  OK  [0m] Reached target User and Group Name Lookups.
[   35.244113] systemd[1]: Created slice User and Session Slice.
[[0;32m  OK  [0m] Created slice User and Session Slice.
[   35.336654] systemd[1]: Listening on Journal Socket.
[[0;32m  OK  [0m] Listening on Journal Socket.
[   35.460010] systemd[1]: Listening on LVM2 metadata daemon socket.
[[0;32m  OK  [0m] Listening on LVM2 metadata daemon socket.
[   35.580362] systemd[1]: Listening on Device-mapper event daemon FIFOs.
[[0;32m  OK  [0m] Listening on Device-mapper event daemon FIFOs.
[   35.668503] systemd[1]: Created slice System Slice.
[[0;32m  OK  [0m] Created slice System Slice.
[   35.703981] systemd[1]: Mounting Huge Pages File System...
         Mounting Huge Pages File System...
[   35.772084] systemd[1]: Reached target Swap.
[[0;32m  OK  [0m] Reached target Swap.
[   35.827376] systemd[1]: Starting Load Kernel Modules...
         Starting Load Kernel Modules...
[   35.838910] Loading iSCSI transport class v2.0-870.
[   37.088960] systemd[1]: Reached target Encrypted Volumes.
[[0;32m  OK  [[   37.095359] random: nonblocking pool is initialized
0m] Reached target Encrypted Volumes.
[   37.107489] systemd[1]: Listening on Syslog Socket.
[[0;32m  OK  [[   37.132456] iscsi: registered transport (tcp)
0m] Listening on Syslog Socket.
[   37.165258] systemd[1]: Listening on Journal Audit Socket.
[[0;32m  OK  [0m] Listening on Journal Audit Socket.
[   37.195397] iscsi: registered transport (iser)
[   37.256404] systemd[1]: Starting Journal Service...
         Starting Journal Service...
[   37.276177] systemd[1]: Starting Nameserver information manager...
         Starting Nameserver information manager...
[   37.376497] systemd[1]: Started Forward Password Requests to Wall Directory Watch.
[[0;32m  OK  [0m] Started Forward Password Requests to Wall Directory Watch.
[   37.648592] systemd[1]: Starting Create list of required static device nodes for the current kernel...
         Starting Create list of required st... nodes for the current kernel...
[   37.760624] systemd[1]: Started Trigger resolvconf update for networkd DNS.
[[0;32m  OK  [0m] Started Trigger resolvconf update for networkd DNS.
[   37.828728] systemd[1]: Listening on udev Kernel Socket.
[[0;32m  OK  [0m] Listening on udev Kernel Socket.
[   37.964603] systemd[1]: Mounting Debug File System...
         Mounting Debug File System...
[   38.135159] systemd[1]: Starting Remount Root and Kernel File Systems...
[   38.139213] EXT4-fs (sda1): re-mounted. Opts: (null)
         Starting Remount Root and Kernel File Systems...
[   38.376386] systemd[1]: Created slice system-serial\x2dgetty.slice.
[[0;32m  OK  [0m] Created slice system-serial\x2dgetty.slice.
[   38.552120] systemd[1]: Set up automount Arbitrary Executable File Formats File System Automount Point.
[[0;32m  OK  [0m] Set up automount Arbitrary Executab...ats File System Automount Point.
[   38.828228] systemd[1]: Starting Monitoring of LVM2 mirrors, snapshots etc. using dmeventd or progress polling...
         Starting Monitoring of LVM2 mirrors... dmeventd or progress polling...
[   38.956259] systemd[1]: Reached target Slices.
[[0;32m  OK  [0m] Reached target Slices.
[   39.087960] systemd[1]: Starting Uncomplicated firewall...
         Starting Uncomplicated firewall...
[   39.243980] systemd[1]: Mounting POSIX Message Queue File System...
         Mounting POSIX Message Queue File System...
[   39.340743] systemd[1]: Listening on /dev/initctl Compatibility Named Pipe.
[[0;32m  OK  [0m] Listening on /dev/initctl Compatibility Named Pipe.
[   39.536549] systemd[1]: Starting Set console keymap...
         Starting Set console keymap...
[   39.640945] systemd[1]: Mounted Huge Pages File System.
[[0;32m  OK  [0m] Mounted Huge Pages File System.
[   39.716438] systemd[1]: Mounted POSIX Message Queue File System.
[[0;32m  OK  [0m] Mounted POSIX Message Queue File System.
[   39.844663] systemd[1]: Mounted Debug File System.
[[0;32m  OK  [0m] Mounted Debug File System.
[   39.912351] systemd[1]: Started Journal Service.
[[0;32m  OK  [0m] Started Journal Service.
[[0;32m  OK  [0m] Started Load Kernel Modules.
[[0;32m  OK  [0m] Started Create list of required sta...ce nodes for the current kernel.
[[0;32m  OK  [0m] Started Remount Root and Kernel File Systems.
[[0;32m  OK  [0m] Started Uncomplicated firewall.
[[0;32m  OK  [0m] Started Set console keymap.
[[0;32m  OK  [0m] Started Nameserver information manager.
[[0;32m  OK  [0m] Started LVM2 metadata daemon.
         Starting Load/Save Random Seed...
         Starting udev Coldplug all Devices...
         Starting Initial cloud-init job (pre-networking)...
         Starting Create Static Device Nodes in /dev...
         Starting Apply Kernel Variables...
         Mounting FUSE Control File System...
         Starting Flush Journal to Persistent Storage...
[[0;32m  OK  [0m] Mounted FUSE Control File System.
[[0;32m  OK  [0m] Started Monitoring of LVM2 mirrors,...ng dmeventd or progress polling.
[[0;32m  OK  [0m] Started Load/Save Random Seed.
[[0;32m  OK  [0m] Started Create Static Device Nodes in /dev.
[[0;32m  OK  [0m] Started Apply Kernel Variables.
[[0;32m  OK  [0m] Started udev Coldplug all Devices.
[[0;32m  OK  [0m] Started Flush Journal to Persistent Storage.
         Starting udev Kernel Device Manager...
[[0;32m  OK  [0m] Started udev Kernel Device Manager.
[[0;32m  OK  [0m] Reached target Local File Systems (Pre).
[[0;32m  OK  [0m] Reached target Local File Systems.
         Starting Tell Plymouth To Write Out Runtime Data...
         Starting Set console font and keymap...
         Starting LSB: AppArmor initialization...
         Starting Create Volatile Files and Directories...
[[0;32m  OK  [0m] Started Dispatch Password Requests to Console Directory Watch.
[[0;32m  OK  [0m] Started Tell Plymouth To Write Out Runtime Data.
[[0;32m  OK  [0m] Started Create Volatile Files and Directories.
[[0;32m  OK  [0m] Found device /dev/ttyS0.
[[0;32m  OK  [0m] Listening on Load/Save RF Kill Switch Status /dev/rfkill Watch.
[[0;32m  OK  [0m] Reached target System Time Synchronized.
[   22.222638] cloud-init[453]: Cloud-init v. 17.1 running 'init-local' at Tue, 28 Nov 2017 03:54:54 +0000. Up 21.70 seconds.
         Starting Update UTMP about System Boot/Shutdown...
[[0;32m  OK  [0m] Started LSB: AppArmor initialization.
[[0;32m  OK  [0m] Started Initial cloud-init job (pre-networking).
[[0;32m  OK  [0m] Started Set console font and keymap.
[[0;32m  OK  [0m] Started Update UTMP about System Boot/Shutdown.
[[0;32m  OK  [0m] Created slice system-getty.slice.
[[0;32m  OK  [0m] Reached target Network (Pre).
[[0;32m  OK  [0m] Started ifup for enp0s3.
         Starting Raise network interfaces...
[[0;32m  OK  [0m] Started Raise network interfaces.
         Starting Initial cloud-init job (metadata service crawler)...
[[0;32m  OK  [0m] Reached target Network.
[   25.527130] cloud-init[963]: Cloud-init v. 17.1 running 'init' at Tue, 28 Nov 2017 03:54:57 +0000. Up 25.26 seconds.
[   25.578074] cloud-init[963]: ci-info: +++++++++++++++++++++++++++++++++++++Net device info++++++++++++++++++++++++++++++++++++++
[   25.578345] cloud-init[963]: ci-info: +--------+------+----------------------------+---------------+-------+-------------------+
[[0;32m  OK  [0m] Started Initial cloud-init job (metadata service crawler).
[   25.578455] cloud-init[963]: ci-info: | Device |  Up  |          Address           |      Mask     | Scope |     Hw-Address    |
[   25.884496] cloud-init[963]: ci-info: +--------+------+----------------------------+---------------+-------+-------------------+
[   25.884829] cloud-init[963]: ci-info: | enp0s3 | True |         10.0.2.15          | 255.255.255.0 |   .   | 02:7e:71:36:a3:a3 |
[[0;32m  OK  [0m] Reached target System Initialization.
[   25.884960] cloud-init[963]: ci-info: | enp0s3 | True | fe80::7e:71ff:fe36:a3a3/64 |       .       |  link | 02:7e:71:36:a3:a3 |
[   26.305191] cloud-init[963]: ci-info: |   lo   | True |         127.0.0.1          |   255.0.0.0   |   .   |         .         |
[[0;32m  OK  [0m] Started Daily Cleanup of Temporary Directories.
[   26.305265] cloud-init[963]: ci-info: |   lo   | True |          ::1/128           |       .       |  host |         .         |
[   26.648910] cloud-init[963]: ci-info: +--------+------+----------------------------+---------------+-------+-------------------+
[   26.649187] cloud-init[963]: ci-info: +++++++++++++++++++++++++++Route IPv4 info++++++++++++++++++++++++++++
         Starting Socket activation for snappy daemon.
[   26.649319] cloud-init[963]: ci-info: +-------+-------------+----------+---------------+-----------+-------+
[   27.121255] cloud-init[963]: ci-info: | Route | Destination | Gateway  |    Genmask    | Interface | Flags |
[[0;32m  OK  [0m] Listening on D-Bus System Message Bus Socket.
[   27.121432] cloud-init[963]: ci-info: +-------+-------------+----------+---------------+-----------+-------+
[[   27.595771] cloud-init[963]: ci-info: |   0   |   0.0.0.0   | 10.0.2.2 |    0.0.0.0    |   enp0s3  |   UG  |
[   27.597681] cloud-init[963]: ci-info: |   1   |   10.0.2.0  | 0.0.0.0  | 255.255.255.0 |   enp0s3  |   U   |
[0;32m  OK  [0m] Started Timer to automatically refresh installed snaps.
[   27.598694] cloud-init[963]: ci-info: +-------+-------------+----------+---------------+-----------+-------+
         Starting LXD - unix socket.
[[0;32m  OK  [0m] Listening on ACPID Listen Socket.
[[0;32m  OK  [0m] Listening on UUID daemon activation socket.
[[0;32m  OK  [0m] Started ACPI Events Check.
[[0;32m  OK  [0m] Reached target Paths.
[[0;32m  OK  [0m] Reached target Network is Online.
         Starting iSCSI initiator daemon (iscsid)...
[[0;32m  OK  [0m] Started Daily apt download activities.
[[0;32m  OK  [0m] Started Daily apt upgrade and clean activities.
[[0;32m  OK  [0m] Reached target Timers.
[[0;32m  OK  [0m] Reached target Cloud-config availability.
[[0;32m  OK  [0m] Listening on Socket activation for snappy daemon.
[[0;32m  OK  [0m] Listening on LXD - unix socket.
[[0;32m  OK  [0m] Reached target Sockets.
[[0;32m  OK  [0m] Reached target Basic System.
[[0;32m  OK  [0m] Started POX Network Controller with UCLA CS118 packet redirector.
         Starting System Logging Service...
[[0;32m  OK  [0m] Started FUSE fillsystem for LXC.
         Starting LSB: MD monitoring daemon...
         Starting Login Service...
         Starting /etc/rc.local Compatibility...
         Starting Open vSwitch Internal Unit...
[[0;32m  OK  [0m] Started Regular background program processing daemon.
[[0;32m  OK  [0m] Started Deferred execution scheduler.
         Starting LSB: Record successful boot for GRUB...
         Starting Apply the settings specified in cloud-config...
         Starting LXD - container startup/shutdown...
[[0;32m  OK  [0m] Startee Unattended Upgrades Shutdown.
[[0;32m  OK  [0m] Started ACPI event daemon.
         Starting Accounts Service...
         Starting OpenBSD Secure Shell server...
         Starting Snappy daemon...
[[0;32m  OK  [0m] Started D-Bus System Message Bus.
[[0;32m  OK  [0m] Started System Logging Service.
[[0;32m  OK  [0m] Started OpenBSD Secure Shell server.
[[0;32m  OK  [0m] Started iSCSI initiator daemon (iscsid).
[[0;32m  OK  [0m] Started /etc/rc.local Compatibility.
[[0;32m  OK  [0m] Started LXD - container startup/shutdown.
[[0;32m  OK  [0m] Started Snappy daemon.
[[0;32m  OK  [0m] Started LSB: MD monitoring daemon.
[[0;32m  OK  [0m] Started LSB: Record successful boot for GRUB.
[[0;32m  OK  [0m] Started Login Service.
[   30.181393] cloud-init[1068]: Cloud-init v. 17.1 running 'modules:config' at Tue, 28 Nov 2017 03:55:02 +0000. Up 30.03 seconds.
         Starting Authenticate and Authorize Users to Run Privileged Tasks...
         Starting Login to default iSCSI targets...
[[0;32m  OK  [0m] Started Apply the settings specified in cloud-config.
[[0;32m  OK  [0m] Started Login to default iSCSI targets.
[[0;32m  OK  [0m] Started Authenticate and Authorize Users to Run Privileged Tasks.
[[0;32m  OK  [0m] Started Accounts Service.
[[0;32m  OK  [0m] Reached target Remote File Systems (Pre).
[[0;32m  OK  [0m] Reached target Remote File Systems.
         Starting LSB: automatic crash report generation...
         Starting LSB: daemon to balance interrupts for SMP systems...
         Starting Permit User Sessions...
         Starting LSB: Set the CPU Frequency Scaling governor to "ondemand"...
         Starting LSB: VirtualBox Linux Additions...
[[0;32m  OK  [0m] Started Permit User Sessions.
[[0;32m  OK  [0m] Started LSB: automatic crash report generation.
         Starting Hold until boot process finishes up...
         Starting Terminate Plymouth Boot Screen...
[[0;32m  OK  [0m] Started LSB: daemon to balance interrupts for SMP systems.
[[0;32m  OK  [0m] Started LSB: Set the CPU Frequency Scaling governor to "ondemand".
[[0;32m  OK  [0m] Started LSB: VirtualBox Linux Additions.
[[0;32m  OK  [0m] Started Hold until boot process finishes up.
[[0;32m  OK  [0m] Started Terminate Plymouth Boot Screen.
[[0;32m  OK  [0m] Started Serial Getty on ttyS0.
[[0;32m  OK  [0m] Started Getty on tty1.
[[0;32m  OK  [0m] Reached target Login Prompts.
         Starting Set console scheme...
[[0;32m  OK  [0m] Started Open vSwitch Internal Unit.
[[0;32m  OK  [0m] Started Set console scheme.
         Starting Open vSwitch...
[[0;32m  OK  [0m] Started Open vSwitch.
[[0;32m  OK  [0m] Reached target Multi-User System.
[[0;32m  OK  [0m] Reached target Graphical Interface.
         Starting Update UTMP about System Runlevel Changes...
         Starting Execute cloud user/final scripts...
[[0;32m  OK  [0m] Started Update UTMP about System Runlevel Changes.
[   31.133429] cloud-init[1251]: Cloud-init v. 17.1 running 'modules:final' at Tue, 28 Nov 2017 03:55:03 +0000. Up 31.00 seconds.
[   31.148136] cloud-init[1251]: Cloud-init v. 17.1 finished at Tue, 28 Nov 2017 03:55:03 +0000. Datasource DataSourceNoCloud [seed=/dev/sdb][dsmode=net].  Up 31.12 seconds
[[0;32m  OK  [0m] Started Execute cloud user/final scripts.
[[0;32m  OK  [0m] Reached target Cloud-init target.

Ubuntu 16.04.3 LTS ubuntu-xenial ttyS0

ubuntu-xenial login:          Stopping Session 10 of user ubuntu.
[[0;3O         Stopping Authenticate and Authorize Users to Run Privileged Tasks...
         Stopping ACPI event daemon...
         Stopping LSB: Set the CPU Frequency Scaling governor to "ondemand"...
         Stopping LSB: MD monitoring daemon...
         Stopping Regular background program processing daemon...
         Stopping FUSE filesystem for LXC...
[[0;32m  OK  [0m] Stopped Daily apt upgrade and clean activities.
[[0;32m  OK  [0m] Stopped Daily apt download activities.
[[0;32m  OK  [0m] Closed Load/Save RF Kill Switch Status /dev/rfkill Watch.
[[0;32m  OK  [0m] Stopped target Cloud-config availability.
[[0;32m  OK  [0m] Stopped Timer to automatically refresh installed snaps.
[[0;32m  OK  [0m] Stopped target System Time Synchronized.
         Stopping Open vSwitch...
[[0;32m  OK  [0m] Unmounted /var/lib/lxcfs.
[[0;32m  OK  [0m] Stopped POX Network Controller with UCLA CS118 packet redirector.
[[0;32m  OK  [0m] Stopped System Logging Service.
[[0;32m  OK  [0m] Stopped Regular background program processing daemon.
[[0;32m  OK  [0m] Stopped Deferred execution scheduler.
[[0;32m  OK  [0m] Stopped ACPI event daemon.
[[0;32m  OK  [0m] Stopped Accounts Service.
[[0;32m  OK  [0m] Stopped OpenBSD Secure Shell server.
[[0;32m  OK  [0m] Stopped Snappy daemon.
[[0;32m  OK  [0m] Stopped Authenticate and Authorize Users to Run Privileged Tasks.
[[0;32m  OK  [0m] Stopped Serial Getty on ttyS0.
[[0;32m  OK  [0m] Stopped Getty on tty1.
[[0;32m  OK  [0m] Stopped User Manager for UID 1000.
[[0;32m  OK  [0m] Stopped Session 10 of user ubuntu.
[[0;32m  OK  [0m] Stopped Unattended Upgrades Shutdown.
[[0;32m  OK  [0m] Stopped D-Bus System Message Bus.
[[0;32m  OK  [0m] Stopped Open vSwitch.
[[0;32m  OK  [0m] Stopped FUSE filesystem for LXC.
[[0;32m  OK  [0m] Stopped LXD - container startup/shutdown.
[[0;32m  OK  [0m] Stopped LSB: Record successful boot for GRUB.
[[0;32m  OK  [0m] Stopped LSB: automatic crash report generation.
[[0;32m  OK  [0m] Stopped LSB: daemon to balance interrupts for SMP systems.
[[0;32m  OK  [0m] Stopped LSB: VirtualBox Linux Additions.
[[0;32m  OK  [0m] Stopped LSB: Set the CPU Frequency Scaling governor to "ondemand".
[[0;32m  OK  [0m] Stopped LSB: MD monitoring daemon.
         Stopping Open vSwitch Internal Unit...
[[0;32m  OK  [0m] Removed slice User Slice of ubuntu.
         Stopping Login Service...
[[0;32m  OK  [0m] Removed slice system-getty.slice.
         Stopping Permit User Sessions...
[[0;32m  OK  [0m] Removed slice system-serial\x2dgetty.slice.
[[0;32m  OK  [0m] Stopped /etc/rc.local Compatibility.
[[0;32m  OK  [0m] Stopped Login Service.
[[0;32m  OK  [0m] Stopped Permit User Sessions.
[[0;32m  OK  [0m] Stopped target Remote File Systems.
[[0;32m  OK  [0m] Stopped target Remote File Systems (Pre).
         Stopping Login to default iSCSI targets...
[[0;32m  OK  [0m] Stopped target User and Group Name Lookups.
[[0;32m  OK  [0m] Stopped Login to default iSCSI targets.
         Stopping iSCSI initiator daemon (iscsid)...
[[0;32m  OK  [0m] Stopped Open vSwitch Internal Unit.
[[0;32m  OK  [0m] Stopped iSCSI initiator daemon (iscsid).
[[0;32m  OK  [0m] Stopped target Network is Online.
[[0;32m  OK  [0m] Stopped target Network.
[[0;32m  OK  [0m] Stopped target Basic System.
[[0;32m  OK  [0m] Stopped target Slices.
[[0;32m  OK  [0m] Removed slice User and Session Slice.
[[0;32m  OK  [0m] Stopped target Paths.
[[0;32m  OK  [0m] Stopped ACPI Events Check.
[[0;32m  OK  [0m] Stopped Forward Password Requests to Wall Directory Watch.
[[0;32m  OK  [0m] Stopped Dispatch Password Requests to Console Directory Watch.
[[0;32m  OK  [0m] Stopped target Sockets.
[[0;32m  OK  [0m] Closed Socket activation for snappy daemon.
[[0;32m  OK  [0m] Closed UUID daemon activation socket.
[[0;32m  OK  [0m] Closed D-Bus System Message Bus Socket.
[[0;32m  OK  [0m] Closed ACPID Listen Socket.
[[0;32m  OK  [0m] Closed LXD - unix socket.
[[0;32m  OK  [0m] Closed Syslog Socket.
[[0;32m  OK  [0m] Stopped target System Initialization.
[[0;32m  OK  [0m] Stopped target Swap.
         Stopping Update UTMP about System Boot/Shutdown...
         Stopping Load/Save Random Seed...
[[0;32m  OK  [0m] Stopped target Encrypted Volumes.
[[0;32m  OK  [0m] Stopped Initial cloud-init job (metadata service crawler).
         Stopping Raise network interfaces...
[[0;32m  OK  [0m] Stopped Load/Save Random Seed.
[[0;32m  OK  [0m] Stopped Update UTMP about System Boot/Shutdown.
[[0;32m  OK  [0m] Stopped Create Volatile Files and Directories.
[[0;32m  OK  [0m] Stopped Raise network interfaces.
[[0;32m  OK  [0m] Stopped Apply Kernel Variables.
[[0;32m  OK  [0m] Stopped target Local File Systems.
         Unmounting /run/user/1000...
         Unmounting /vagrant...
[[0;32m  OK  [0m] Stopped target Network (Pre).
[[0;32m  OK  [0m] Stopped Initial cloud-init job (pre-networking).
[[0;32m  OK  [0m] Stopped Load Kernel Modules.
[[0;32m  OK  [0m] Unmounted /run/user/1000.
[[0;32m  OK  [0m] Unmounted /vagrant.
[[0;32m  OK  [0m] Reached target Unmount All Filesystems.
[[0;32m  OK  [0m] Stopped target Local File Systems (Pre).
[[0;32m  OK  [0m] Stopped Create Static Device Nodes in /dev.
[[0;32m  OK  [0m] Stopped Remount Root and Kernel File Systems.
[[0;32m  OK  [0m] Reached target Shutdown.
[12230.216615] reboot: Power down